This is pdfTeX, Version 3.14159265-2.6-1.40.18 (TeX Live 2017/TeX Live for SUSE Linux) (preloaded format=pdflatex 2020.5.27)  17 OCT 2022 21:00
entering extended mode
 restricted \write18 enabled.
 %&-line parsing enabled.
**Fig_gloton-LFs-scaling-1600.tex
(./Fig_gloton-LFs-scaling-1600.tex
LaTeX2e <2017-04-15>
Babel <3.10> and hyphenation patterns for 81 language(s) loaded.
(/usr/share/texmf/tex/latex/base/minimal.cls
Document Class: minimal 2001/05/25 Standard LaTeX minimal class
) (/usr/share/texmf/tex/latex/extsizes/size20.clo
File: size20.clo 1999/11/11 NON-Standard LaTeX file (size option)
)
(/usr/share/texmf/tex/latex/tools/calc.sty
Package: calc 2014/10/28 v4.3 Infix arithmetic (KKT,FJ)
\calc@Acount=\count79
\calc@Bcount=\count80
\calc@Adimen=\dimen102
\calc@Bdimen=\dimen103
\calc@Askip=\skip41
\calc@Bskip=\skip42
LaTeX Info: Redefining \setlength on input line 80.
LaTeX Info: Redefining \addtolength on input line 81.
\calc@Ccount=\count81
\calc@Cskip=\skip43
)
(/usr/share/texmf/tex/latex/graphics/graphicx.sty
Package: graphicx 2014/10/28 v1.0g Enhanced LaTeX Graphics (DPC,SPQR)

(/usr/share/texmf/tex/latex/graphics/keyval.sty
Package: keyval 2014/10/28 v1.15 key=value parser (DPC)
\KV@toks@=\toks14
)
(/usr/share/texmf/tex/latex/graphics/graphics.sty
Package: graphics 2017/04/14 v1.1b Standard LaTeX Graphics (DPC,SPQR)

(/usr/share/texmf/tex/latex/graphics/trig.sty
Package: trig 2016/01/03 v1.10 sin cos tan (DPC)
)
(/usr/share/texmf/tex/latex/graphics-cfg/graphics.cfg
File: graphics.cfg 2016/06/04 v1.11 sample graphics configuration
)
Package graphics Info: Driver file: pdftex.def on input line 99.

(/usr/share/texmf/tex/latex/graphics-def/pdftex.def
File: pdftex.def 2017/01/12 v0.06k Graphics/color for pdfTeX

(/usr/share/texmf/tex/generic/oberdiek/infwarerr.sty
Package: infwarerr 2016/05/16 v1.4 Providing info/warning/error messages (HO)
)
(/usr/share/texmf/tex/generic/oberdiek/ltxcmds.sty
Package: ltxcmds 2016/05/16 v1.23 LaTeX kernel commands for general use (HO)
)
\Gread@gobject=\count82
))
\Gin@req@height=\dimen104
\Gin@req@width=\dimen105
)
(/usr/share/texmf/tex/latex/graphics/color.sty
Package: color 2016/07/10 v1.1e Standard LaTeX Color (DPC)

(/usr/share/texmf/tex/latex/graphics-cfg/color.cfg
File: color.cfg 2016/01/02 v1.6 sample color configuration
)
Package color Info: Driver file: pdftex.def on input line 147.
)
(/usr/share/texmf/tex/latex/geometry/geometry.sty
Package: geometry 2010/09/12 v5.6 Page Geometry

(/usr/share/texmf/tex/generic/oberdiek/ifpdf.sty
Package: ifpdf 2017/03/15 v3.2 Provides the ifpdf switch
)
(/usr/share/texmf/tex/generic/oberdiek/ifvtex.sty
Package: ifvtex 2016/05/16 v1.6 Detect VTeX and its facilities (HO)
Package ifvtex Info: VTeX not detected.
)
(/usr/share/texmf/tex/generic/ifxetex/ifxetex.sty
Package: ifxetex 2010/09/12 v0.6 Provides ifxetex conditional
)
\Gm@cnth=\count83
\Gm@cntv=\count84
\c@Gm@tempcnt=\count85
\Gm@bindingoffset=\dimen106
\Gm@wd@mp=\dimen107
\Gm@odd@mp=\dimen108
\Gm@even@mp=\dimen109
\Gm@layoutwidth=\dimen110
\Gm@layoutheight=\dimen111
\Gm@layouthoffset=\dimen112
\Gm@layoutvoffset=\dimen113
\Gm@dimlist=\toks15
)
Using configuration file gnuplot.cfg
(/usr/share/texmf/tex/latex/gnuplot/gnuplot.cfg
(/usr/share/texmf/tex/latex/base/fontenc.sty
Package: fontenc 2017/04/05 v2.0i Standard LaTeX package

(/usr/share/texmf/tex/latex/base/t1enc.def
File: t1enc.def 2017/04/05 v2.0i Standard LaTeX file
LaTeX Font Info:    Redeclaring font encoding T1 on input line 48.
)))
(./Fig_gloton-LFs-scaling-1600.aux)
\openout1 = `Fig_gloton-LFs-scaling-1600.aux'.

LaTeX Font Info:    Checking defaults for OML/cmm/m/it on input line 59.
LaTeX Font Info:    ... okay on input line 59.
LaTeX Font Info:    Checking defaults for T1/cmr/m/n on input line 59.
LaTeX Font Info:    ... okay on input line 59.
LaTeX Font Info:    Checking defaults for OT1/cmr/m/n on input line 59.
LaTeX Font Info:    ... okay on input line 59.
LaTeX Font Info:    Checking defaults for OMS/cmsy/m/n on input line 59.
LaTeX Font Info:    ... okay on input line 59.
LaTeX Font Info:    Checking defaults for OMX/cmex/m/n on input line 59.
LaTeX Font Info:    ... okay on input line 59.
LaTeX Font Info:    Checking defaults for U/cmr/m/n on input line 59.
LaTeX Font Info:    ... okay on input line 59.

(/usr/share/texmf/tex/context/base/mkii/supp-pdf.mkii
[Loading MPS to PDF converter (version 2006.09.02).]
\scratchcounter=\count86
\scratchdimen=\dimen114
\scratchbox=\box26
\nofMPsegments=\count87
\nofMParguments=\count88
\everyMPshowfont=\toks16
\MPscratchCnt=\count89
\MPscratchDim=\dimen115
\MPnumerator=\count90
\makeMPintoPDFobject=\count91
\everyMPtoPDFconversion=\toks17
) (/usr/share/texmf/tex/generic/oberdiek/pdftexcmds.sty
Package: pdftexcmds 2017/03/19 v0.25 Utility functions of pdfTeX for LuaTeX (HO
)

(/usr/share/texmf/tex/generic/oberdiek/ifluatex.sty
Package: ifluatex 2016/05/16 v1.4 Provides the ifluatex switch (HO)
Package ifluatex Info: LuaTeX not detected.
)
Package pdftexcmds Info: LuaTeX not detected.
Package pdftexcmds Info: \pdf@primitive is available.
Package pdftexcmds Info: \pdf@ifprimitive is available.
Package pdftexcmds Info: \pdfdraftmode found.
)
(/usr/share/texmf/tex/latex/oberdiek/epstopdf-base.sty
Package: epstopdf-base 2016/05/15 v2.6 Base part for package epstopdf

(/usr/share/texmf/tex/latex/oberdiek/grfext.sty
Package: grfext 2016/05/16 v1.2 Manage graphics extensions (HO)

(/usr/share/texmf/tex/generic/oberdiek/kvdefinekeys.sty
Package: kvdefinekeys 2016/05/16 v1.4 Define keys (HO)
))
(/usr/share/texmf/tex/latex/oberdiek/kvoptions.sty
Package: kvoptions 2016/05/16 v3.12 Key value format for package options (HO)

(/usr/share/texmf/tex/generic/oberdiek/kvsetkeys.sty
Package: kvsetkeys 2016/05/16 v1.17 Key value parser (HO)

(/usr/share/texmf/tex/generic/oberdiek/etexcmds.sty
Package: etexcmds 2016/05/16 v1.6 Avoid name clashes with e-TeX commands (HO)
Package etexcmds Info: Could not find \expanded.
(etexcmds)             That can mean that you are not using pdfTeX 1.50 or
(etexcmds)             that some package has redefined \expanded.
(etexcmds)             In the latter case, load this package earlier.
)))
Package epstopdf-base Info: Redefining graphics rule for `.eps' on input line 4
38.
Package grfext Info: Graphics extension search list:
(grfext)             [.png,.pdf,.jpg,.mps,.jpeg,.jbig2,.jb2,.PNG,.PDF,.JPG,.JPE
G,.JBIG2,.JB2,.eps]
(grfext)             \AppendGraphicsExtensions on input line 456.

(/usr/share/texmf/tex/latex/latexconfig/epstopdf-sys.cfg
File: epstopdf-sys.cfg 2010/07/13 v1.3 Configuration of (r)epstopdf for TeX Liv
e
))
*geometry* detected driver: pdftex
*geometry* verbose mode - [ preamble ] result:
* driver: pdftex
* paper: custom
* layout: <same size as paper>
* layoutoffset:(h,v)=(0.0pt,0.0pt)
* modes: 
* h-part:(L,W,R)=(0.0pt, 520.24362pt, 0.0pt)
* v-part:(T,H,B)=(0.0pt, 361.34999pt, 0.0pt)
* \paperwidth=520.24362pt
* \paperheight=361.34999pt
* \textwidth=520.24362pt
* \textheight=361.34999pt
* \oddsidemargin=-72.26999pt
* \evensidemargin=-72.26999pt
* \topmargin=-122.26999pt
* \headheight=20.0pt
* \headsep=30.0pt
* \topskip=20.0pt
* \footskip=35.0pt
* \marginparwidth=0.0pt
* \marginparsep=15.0pt
* \columnsep=0.0pt
* \skip\footins=16.0pt plus 6.0pt minus 3.0pt
* \hoffset=0.0pt
* \voffset=0.0pt
* \mag=1000
* \@twocolumnfalse
* \@twosidefalse
* \@mparswitchfalse
* \@reversemarginfalse
* (1in=72.27pt=25.4mm, 1cm=28.453pt)

\gptboxheight=\skip44
\gptboxwidth=\skip45
\gptboxtext=\box27
LaTeX Font Info:    External font `cmex10' loaded for size
(Font)              <17.28> on input line 171.
LaTeX Font Info:    External font `cmex10' loaded for size
(Font)              <12> on input line 171.
LaTeX Font Info:    External font `cmex10' loaded for size
(Font)              <20.74> on input line 171.
LaTeX Font Info:    External font `cmex10' loaded for size
(Font)              <14.4> on input line 171.
Package epstopdf Info: Source file: <Fig_gloton-LFs-scaling-1600-inc.eps>
(epstopdf)                    date: 2022-10-08 14:28:45
(epstopdf)                    size: 66589 bytes
(epstopdf)             Output file: <Fig_gloton-LFs-scaling-1600-inc-eps-conver
ted-to.pdf>
(epstopdf)                    date: 2022-10-08 14:28:56
(epstopdf)                    size: 33900 bytes
(epstopdf)             Command: <repstopdf --outfile=Fig_gloton-LFs-scaling-160
0-inc-eps-converted-to.pdf Fig_gloton-LFs-scaling-1600-inc.eps>
(epstopdf)             \includegraphics on input line 172.
Package epstopdf Info: Output file is already uptodate.


pdfTeX warning: pdflatex (file ./Fig_gloton-LFs-scaling-1600-inc-eps-converted-
to.pdf): PDF inclusion: found PDF version <1.7>, but at most version <1.5> allo
wed

<Fig_gloton-LFs-scaling-1600-inc-eps-converted-to.pdf, id=1, 519.9425pt x 361.3
5pt>
File: Fig_gloton-LFs-scaling-1600-inc-eps-converted-to.pdf Graphic file (type p
df)
 <use Fig_gloton-LFs-scaling-1600-inc-eps-converted-to.pdf>
Package pdftex.def Info: Fig_gloton-LFs-scaling-1600-inc-eps-converted-to.pdf u
sed on input line 172.
(pdftex.def)             Requested size: 519.94124pt x 361.34912pt.
LaTeX Font Info:    External font `cmex10' loaded for size
(Font)              <8> on input line 173.
LaTeX Font Info:    External font `cmex10' loaded for size
(Font)              <6> on input line 173.
 [1{/var/lib/texmf/fonts/map/pdftex/updmap/pdftex.map} <./Fig_gloton-LFs-scalin
g-1600-inc-eps-converted-to.pdf>] (./Fig_gloton-LFs-scaling-1600.aux) ) 
Here is how much of TeX's memory you used:
 2200 strings out of 493013
 30355 string characters out of 6141785
 94449 words of memory out of 5000000
 5712 multiletter control sequences out of 15000+600000
 11421 words of font info for 35 fonts, out of 8000000 for 9000
 1141 hyphenation exceptions out of 8191
 39i,6n,34p,257b,222s stack positions out of 5000i,500n,10000p,200000b,80000s
{/usr/sh
are/texmf/fonts/enc/dvips/cm-super/cm-super-t1.enc}</usr/share/texmf/fonts/type
1/public/amsfonts/cm/cmmi12.pfb></usr/share/texmf/fonts/type1/public/amsfonts/c
m/cmr12.pfb></usr/share/texmf/fonts/type1/public/amsfonts/cm/cmr17.pfb></usr/sh
are/texmf/fonts/type1/public/amsfonts/cm/cmr8.pfb></usr/share/texmf/fonts/type1
/public/amsfonts/cm/cmsy10.pfb></usr/share/texmf/fonts/type1/public/cm-super/sf
rm1200.pfb></usr/share/texmf/fonts/type1/public/cm-super/sfrm1728.pfb></usr/sha
re/texmf/fonts/type1/public/cm-super/sfrm2074.pfb>
Output written on Fig_gloton-LFs-scaling-1600.pdf (1 page, 107800 bytes).
PDF statistics:
 43 PDF objects out of 1000 (max. 8388607)
 30 compressed objects within 1 object stream
 0 named destinations out of 1000 (max. 500000)
 6 words of extra memory for PDF output out of 10000 (max. 10000000)

